# JRE version: OpenJDK Runtime Environment (21.0.2+13) (build 21.0.2+13-58)
# Java VM: OpenJDK 64-Bit Server VM (21.0.2+13-58, mixed mode, sharing, tiered, compressed oops, compressed class ptrs, g1 gc, windows-amd64)
GC Precious Log:
 CardTable entry size: 512
 Card Set container configuration: InlinePtr #cards 5 size 8 Array Of Cards #cards 12 size 40 Howl #buckets 4 coarsen threshold 1843 Howl Bitmap #cards 512 size 80 coarsen threshold 460 Card regions per heap region 1 cards per card region 2048
 CPUs: 4 total, 4 available
 Memory: 6090M
 Large Page Support: Disabled
 NUMA Support: Disabled
 Compressed Oops: Enabled (32-bit)
 Heap Region Size: 1M
 Heap Min Capacity: 8M
 Heap Initial Capacity: 96M
 Heap Max Capacity: 1524M
 Pre-touch: Disabled
 Parallel Workers: 4
 Concurrent Workers: 1
 Concurrent Refinement Workers: 4
 Periodic GC: Disabled
Heap:
 garbage-first heap   total 117760K, used 88234K [0x00000000a0c00000, 0x0000000100000000)
  region size 1024K, 25 young (25600K), 4 survivors (4096K)
 Metaspace       used 35727K, committed 36352K, reserved 1114112K
  class space    used 4051K, committed 4352K, reserved 1048576K
GC Heap History (20 events):
Event: 1.388 GC heap before
{Heap before GC invocations=1 (full 0):
 garbage-first heap   total 98304K, used 19712K [0x00000000a0c00000, 0x0000000100000000)
  region size 1024K, 18 young (18432K), 2 survivors (2048K)
 Metaspace       used 6665K, committed 6912K, reserved 1114112K
  class space    used 765K, committed 896K, reserved 1048576K
}
Event: 1.395 GC heap after
{Heap after GC invocations=2 (full 0):
 garbage-first heap   total 98304K, used 4880K [0x00000000a0c00000, 0x0000000100000000)
  region size 1024K, 2 young (2048K), 2 survivors (2048K)
 Metaspace       used 6665K, committed 6912K, reserved 1114112K
  class space    used 765K, committed 896K, reserved 1048576K
}
Event: 3.444 GC heap before
{Heap before GC invocations=2 (full 0):
 garbage-first heap   total 98304K, used 60176K [0x00000000a0c00000, 0x0000000100000000)
  region size 1024K, 57 young (58368K), 2 survivors (2048K)
 Metaspace       used 15774K, committed 16000K, reserved 1114112K
  class space    used 1868K, committed 1984K, reserved 1048576K
}
Event: 3.462 GC heap after
{Heap after GC invocations=3 (full 0):
 garbage-first heap   total 98304K, used 9642K [0x00000000a0c00000, 0x0000000100000000)
  region size 1024K, 6 young (6144K), 6 survivors (6144K)
 Metaspace       used 15774K, committed 16000K, reserved 1114112K
  class space    used 1868K, committed 1984K, reserved 1048576K
}
Event: 4.845 GC heap before
{Heap before GC invocations=3 (full 0):
 garbage-first heap   total 98304K, used 61866K [0x00000000a0c00000, 0x0000000100000000)
  region size 1024K, 57 young (58368K), 6 survivors (6144K)
 Metaspace       used 16821K, committed 17088K, reserved 1114112K
  class space    used 1939K, committed 2048K, reserved 1048576K
}
Event: 4.869 GC heap after
{Heap after GC invocations=4 (full 0):
 garbage-first heap   total 98304K, used 14785K [0x00000000a0c00000, 0x0000000100000000)
  region size 1024K, 6 young (6144K), 6 survivors (6144K)
 Metaspace       used 16821K, committed 17088K, reserved 1114112K
  class space    used 1939K, committed 2048K, reserved 1048576K
}
Event: 6.456 GC heap before
{Heap before GC invocations=4 (full 0):
 garbage-first heap   total 98304K, used 67009K [0x00000000a0c00000, 0x0000000100000000)
  region size 1024K, 57 young (58368K), 6 survivors (6144K)
 Metaspace       used 18807K, committed 19136K, reserved 1114112K
  class space    used 2095K, committed 2240K, reserved 1048576K
}
Event: 6.470 GC heap after
{Heap after GC invocations=5 (full 0):
 garbage-first heap   total 98304K, used 17189K [0x00000000a0c00000, 0x0000000100000000)
  region size 1024K, 3 young (3072K), 3 survivors (3072K)
 Metaspace       used 18807K, committed 19136K, reserved 1114112K
  class space    used 2095K, committed 2240K, reserved 1048576K
}
Event: 7.078 GC heap before
{Heap before GC invocations=5 (full 0):
 garbage-first heap   total 98304K, used 34597K [0x00000000a0c00000, 0x0000000100000000)
  region size 1024K, 18 young (18432K), 3 survivors (3072K)
 Metaspace       used 21270K, committed 21504K, reserved 1114112K
  class space    used 2391K, committed 2496K, reserved 1048576K
}
Event: 7.089 GC heap after
{Heap after GC invocations=6 (full 0):
 garbage-first heap   total 98304K, used 23348K [0x00000000a0c00000, 0x0000000100000000)
  region size 1024K, 7 young (7168K), 7 survivors (7168K)
 Metaspace       used 21270K, committed 21504K, reserved 1114112K
  class space    used 2391K, committed 2496K, reserved 1048576K
}
Event: 8.535 GC heap before
{Heap before GC invocations=7 (full 0):
 garbage-first heap   total 89088K, used 72500K [0x00000000a0c00000, 0x0000000100000000)
  region size 1024K, 52 young (53248K), 7 survivors (7168K)
 Metaspace       used 27955K, committed 28288K, reserved 1114112K
  class space    used 3138K, committed 3328K, reserved 1048576K
}
Event: 8.567 GC heap after
{Heap after GC invocations=8 (full 0):
 garbage-first heap   total 91136K, used 37609K [0x00000000a0c00000, 0x0000000100000000)
  region size 1024K, 7 young (7168K), 7 survivors (7168K)
 Metaspace       used 27955K, committed 28288K, reserved 1114112K
  class space    used 3138K, committed 3328K, reserved 1048576K
}
Event: 9.685 GC heap before
{Heap before GC invocations=8 (full 0):
 garbage-first heap   total 91136K, used 71401K [0x00000000a0c00000, 0x0000000100000000)
  region size 1024K, 41 young (41984K), 7 survivors (7168K)
 Metaspace       used 29971K, committed 30464K, reserved 1114112K
  class space    used 3386K, committed 3584K, reserved 1048576K
}
Event: 9.700 GC heap after
{Heap after GC invocations=9 (full 0):
 garbage-first heap   total 91136K, used 38912K [0x00000000a0c00000, 0x0000000100000000)
  region size 1024K, 2 young (2048K), 2 survivors (2048K)
 Metaspace       used 29971K, committed 30464K, reserved 1114112K
  class space    used 3386K, committed 3584K, reserved 1048576K
}
Event: 11.017 GC heap before
{Heap before GC invocations=9 (full 0):
 garbage-first heap   total 91136K, used 73728K [0x00000000a0c00000, 0x0000000100000000)
  region size 1024K, 36 young (36864K), 2 survivors (2048K)
 Metaspace       used 32101K, committed 32640K, reserved 1114112K
  class space    used 3613K, committed 3840K, reserved 1048576K
}
Event: 11.026 GC heap after
{Heap after GC invocations=10 (full 0):
 garbage-first heap   total 109568K, used 39887K [0x00000000a0c00000, 0x0000000100000000)
  region size 1024K, 3 young (3072K), 3 survivors (3072K)
 Metaspace       used 32101K, committed 32640K, reserved 1114112K
  class space    used 3613K, committed 3840K, reserved 1048576K
}
Event: 12.246 GC heap before
{Heap before GC invocations=10 (full 0):
 garbage-first heap   total 109568K, used 96207K [0x00000000a0c00000, 0x0000000100000000)
  region size 1024K, 50 young (51200K), 3 survivors (3072K)
 Metaspace       used 35229K, committed 35840K, reserved 1114112K
  class space    used 3991K, committed 4288K, reserved 1048576K
}
Event: 12.258 GC heap after
{Heap after GC invocations=11 (full 0):
 garbage-first heap   total 109568K, used 52152K [0x00000000a0c00000, 0x0000000100000000)
  region size 1024K, 6 young (6144K), 6 survivors (6144K)
 Metaspace       used 35229K, committed 35840K, reserved 1114112K
  class space    used 3991K, committed 4288K, reserved 1048576K
}
Event: 12.516 GC heap before
{Heap before GC invocations=11 (full 0):
 garbage-first heap   total 109568K, used 56248K [0x00000000a0c00000, 0x0000000100000000)
  region size 1024K, 8 young (8192K), 6 survivors (6144K)
 Metaspace       used 35473K, committed 36032K, reserved 1114112K
  class space    used 4028K, committed 4288K, reserved 1048576K
}
Event: 12.525 GC heap after
{Heap after GC invocations=12 (full 0):
 garbage-first heap   total 109568K, used 55466K [0x00000000a0c00000, 0x0000000100000000)
  region size 1024K, 4 young (4096K), 4 survivors (4096K)
 Metaspace       used 35473K, committed 36032K, reserved 1114112K
  class space    used 4028K, committed 4288K, reserved 1048576K
}

